2025-03-24 19:20:06,851 - INFO - Запуск бота...
2025-03-24 19:20:08,084 - INFO - Подключение к базе данных установлено.
2025-03-24 19:20:08,388 - INFO - Таблицы проверены/созданы.
2025-03-24 19:20:08,686 - INFO - Индексы проверены/созданы.
2025-03-24 19:20:08,687 - INFO - Запуск планировщика...
2025-03-24 19:20:08,688 - INFO - Adding job tentatively -- it will be properly scheduled when the scheduler starts
2025-03-24 19:20:08,689 - INFO - Added job "run_parser" to job store "default"
2025-03-24 19:20:08,689 - INFO - Scheduler started
2025-03-24 19:20:09,042 - INFO - Start polling
2025-03-24 19:20:09,144 - INFO - Run polling for bot @affine_test_bot id=7732473607 - 'affine'
2025-03-24 19:22:44,549 - INFO - Update id=860671859 is handled. Duration 873 ms by bot id=7732473607
2025-03-24 19:22:51,366 - INFO - Получение названий групп из расписания.
2025-03-24 19:22:52,070 - INFO - Update id=860671860 is handled. Duration 705 ms by bot id=7732473607
2025-03-24 19:22:58,462 - INFO - Изменена группа пользователя 5124967932 на КСК-2024-1/3.
2025-03-24 19:22:58,901 - INFO - Update id=860671861 is handled. Duration 937 ms by bot id=7732473607
2025-03-24 19:23:01,926 - INFO - Получение названий групп из расписания.
2025-03-24 19:23:02,706 - INFO - Update id=860671862 is handled. Duration 782 ms by bot id=7732473607
2025-03-24 19:23:04,559 - INFO - Изменена группа пользователя 5124967932 на ССА-2022-2.
2025-03-24 19:23:05,267 - INFO - Update id=860671863 is handled. Duration 1038 ms by bot id=7732473607
2025-03-24 19:23:07,801 - INFO - Update id=860671864 is handled. Duration 231 ms by bot id=7732473607
2025-03-24 19:23:13,551 - INFO - Пользователь 5124967932 изменил ник на user.
2025-03-24 19:23:13,993 - INFO - Update id=860671865 is handled. Duration 1394 ms by bot id=7732473607
2025-03-24 19:23:38,482 - INFO - Update id=860671866 is handled. Duration 381 ms by bot id=7732473607
2025-03-24 19:23:52,220 - INFO - Update id=860671867 is not handled. Duration 2 ms by bot id=7732473607
2025-03-24 19:23:52,220 - ERROR - Cause exception while process update id=860671867 by bot id=7732473607
TypeError: invalidate_cache_db() takes 0 positional arguments but 1 was given
Traceback (most recent call last):
  File "/home/john/.cache/pypoetry/virtualenvs/aiogram-pmk-bot-L9WIEWYH-py3.10/lib/python3.10/site-packages/aiogram/dispatcher/dispatcher.py", line 309, in _process_update
    response = await self.feed_update(bot, update, **kwargs)
  File "/home/john/.cache/pypoetry/virtualenvs/aiogram-pmk-bot-L9WIEWYH-py3.10/lib/python3.10/site-packages/aiogram/dispatcher/dispatcher.py", line 158, in feed_update
    response = await self.update.wrap_outer_middleware(
  File "/home/john/.cache/pypoetry/virtualenvs/aiogram-pmk-bot-L9WIEWYH-py3.10/lib/python3.10/site-packages/aiogram/dispatcher/middlewares/error.py", line 25, in __call__
    return await handler(event, data)
  File "/home/john/.cache/pypoetry/virtualenvs/aiogram-pmk-bot-L9WIEWYH-py3.10/lib/python3.10/site-packages/aiogram/dispatcher/middlewares/user_context.py", line 56, in __call__
    return await handler(event, data)
  File "/home/john/.cache/pypoetry/virtualenvs/aiogram-pmk-bot-L9WIEWYH-py3.10/lib/python3.10/site-packages/aiogram/fsm/middleware.py", line 42, in __call__
    return await handler(event, data)
  File "/home/john/.cache/pypoetry/virtualenvs/aiogram-pmk-bot-L9WIEWYH-py3.10/lib/python3.10/site-packages/aiogram/dispatcher/event/telegram.py", line 121, in trigger
    return await wrapped_inner(event, kwargs)
  File "/home/john/.cache/pypoetry/virtualenvs/aiogram-pmk-bot-L9WIEWYH-py3.10/lib/python3.10/site-packages/aiogram/dispatcher/event/handler.py", line 43, in call
    return await wrapped()
  File "/home/john/.cache/pypoetry/virtualenvs/aiogram-pmk-bot-L9WIEWYH-py3.10/lib/python3.10/site-packages/aiogram/dispatcher/dispatcher.py", line 276, in _listen_update
    return await self.propagate_event(update_type=update_type, event=event, **kwargs)
  File "/home/john/.cache/pypoetry/virtualenvs/aiogram-pmk-bot-L9WIEWYH-py3.10/lib/python3.10/site-packages/aiogram/dispatcher/router.py", line 146, in propagate_event
    return await observer.wrap_outer_middleware(_wrapped, event=event, data=kwargs)
  File "/home/john/.cache/pypoetry/virtualenvs/aiogram-pmk-bot-L9WIEWYH-py3.10/lib/python3.10/site-packages/aiogram/dispatcher/router.py", line 141, in _wrapped
    return await self._propagate_event(
  File "/home/john/.cache/pypoetry/virtualenvs/aiogram-pmk-bot-L9WIEWYH-py3.10/lib/python3.10/site-packages/aiogram/dispatcher/router.py", line 174, in _propagate_event
    response = await router.propagate_event(update_type=update_type, event=event, **kwargs)
  File "/home/john/.cache/pypoetry/virtualenvs/aiogram-pmk-bot-L9WIEWYH-py3.10/lib/python3.10/site-packages/aiogram/dispatcher/router.py", line 146, in propagate_event
    return await observer.wrap_outer_middleware(_wrapped, event=event, data=kwargs)
  File "/home/john/.cache/pypoetry/virtualenvs/aiogram-pmk-bot-L9WIEWYH-py3.10/lib/python3.10/site-packages/aiogram/dispatcher/router.py", line 141, in _wrapped
    return await self._propagate_event(
  File "/home/john/.cache/pypoetry/virtualenvs/aiogram-pmk-bot-L9WIEWYH-py3.10/lib/python3.10/site-packages/aiogram/dispatcher/router.py", line 166, in _propagate_event
    response = await observer.trigger(event, **kwargs)
  File "/home/john/.cache/pypoetry/virtualenvs/aiogram-pmk-bot-L9WIEWYH-py3.10/lib/python3.10/site-packages/aiogram/dispatcher/event/telegram.py", line 121, in trigger
    return await wrapped_inner(event, kwargs)
  File "/home/john/.cache/pypoetry/virtualenvs/aiogram-pmk-bot-L9WIEWYH-py3.10/lib/python3.10/site-packages/aiogram/dispatcher/event/handler.py", line 43, in call
    return await wrapped()
  File "/home/john/Documents/code/python/aiogram_pmk_bot/callbacks/admin_panel.py", line 38, in invalidate_cache
    response = await invalidate_cache_db(db)
TypeError: invalidate_cache_db() takes 0 positional arguments but 1 was given
2025-03-24 19:23:59,878 - INFO - Для даты 2025-03-30 отсутствует расписание.
2025-03-24 19:24:00,229 - INFO - Расписание для группы КСК-2024-1/3 на дату 2025-03-24 успешно получено.
2025-03-24 19:24:00,230 - INFO - Расписание для группы КСК-2024-2/4 на дату 2025-03-24 успешно получено.
2025-03-24 19:24:00,231 - INFO - Расписание для группы ССА-2024-1/3 на дату 2025-03-24 успешно получено.
2025-03-24 19:24:00,231 - INFO - Расписание для группы ССА-2024-2 на дату 2025-03-24 успешно получено.
2025-03-24 19:24:00,232 - INFO - Расписание для группы ТМС-2024-1/4 на дату 2025-03-24 успешно получено.
2025-03-24 19:24:00,232 - INFO - Расписание для группы ТМС-2024-2/5 на дату 2025-03-24 успешно получено.
2025-03-24 19:24:00,233 - INFO - Расписание для группы ТМС-2024-3 на дату 2025-03-24 успешно получено.
2025-03-24 19:24:00,234 - INFO - Расписание для группы Э-2024-1/3 на дату 2025-03-24 успешно получено.
2025-03-24 19:24:00,234 - INFO - Расписание для группы Э-2024-2 на дату 2025-03-24 успешно получено.
2025-03-24 19:24:00,235 - INFO - Расписание для группы ЭМ-2024-1 на дату 2025-03-24 успешно получено.
2025-03-24 19:24:00,236 - INFO - Расписание для группы ТПД-2024-1 на дату 2025-03-24 успешно получено.
2025-03-24 19:24:00,236 - INFO - Расписание для группы ЭКТ-2024-1 на дату 2025-03-24 успешно получено.
2025-03-24 19:24:00,237 - INFO - Расписание для группы ССА-2023-1/3 на дату 2025-03-24 успешно получено.
2025-03-24 19:24:00,238 - INFO - Расписание для группы ССА-2023-2/4 на дату 2025-03-24 успешно получено.
2025-03-24 19:24:00,238 - INFO - Расписание для группы КСК-2023-1/3 на дату 2025-03-24 успешно получено.
2025-03-24 19:24:00,239 - INFO - Расписание для группы КСК-2023-2/4 на дату 2025-03-24 успешно получено.
2025-03-24 19:24:00,240 - INFO - Расписание для группы Э-2023-1/3 на дату 2025-03-24 успешно получено.
2025-03-24 19:24:00,241 - INFO - Расписание для группы Э-2023-2/4 на дату 2025-03-24 успешно получено.
2025-03-24 19:24:00,241 - INFO - Расписание для группы ЭКТ-2023-1/2 на дату 2025-03-24 успешно получено.
2025-03-24 19:24:00,242 - INFO - Расписание для группы ТКПД-2023-1/2 на дату 2025-03-24 успешно получено.
2025-03-24 19:24:00,243 - INFO - Расписание для группы ТМС-2023-1/4 на дату 2025-03-24 успешно получено.
2025-03-24 19:24:00,243 - INFO - Расписание для группы ТМС-2023-2/5 на дату 2025-03-24 успешно получено.
2025-03-24 19:24:00,244 - INFO - Расписание для группы ТМС-2023-3/6 на дату 2025-03-24 успешно получено.
2025-03-24 19:24:00,245 - INFO - Расписание для группы ПСО-2022-1 на дату 2025-03-24 успешно получено.
2025-03-24 19:24:00,245 - INFO - Расписание для группы ПСО-2022-2 на дату 2025-03-24 успешно получено.
2025-03-24 19:24:00,246 - INFO - Расписание для группы ССА-2022-1/3 на дату 2025-03-24 успешно получено.
2025-03-24 19:24:00,246 - INFO - Расписание для группы ССА-2022-2 на дату 2025-03-24 успешно получено.
2025-03-24 19:24:00,247 - INFO - Расписание для группы КСК-2022-1/3 на дату 2025-03-24 успешно получено.
2025-03-24 19:24:00,247 - INFO - Расписание для группы КСК-2022-2/4 на дату 2025-03-24 успешно получено.
2025-03-24 19:24:00,248 - INFO - Расписание для группы Э-2022-1/3 на дату 2025-03-24 успешно получено.
2025-03-24 19:24:00,249 - INFO - Расписание для группы Э-2022-2/4 на дату 2025-03-24 успешно получено.
2025-03-24 19:24:00,250 - INFO - Расписание для группы ЭКТ-2022-1 на дату 2025-03-24 успешно получено.
2025-03-24 19:24:00,250 - INFO - Расписание для группы ТМП-2022-1/5 на дату 2025-03-24 успешно получено.
2025-03-24 19:24:00,251 - INFO - Расписание для группы ТМП-2022-2/4 на дату 2025-03-24 успешно получено.
2025-03-24 19:24:00,252 - INFO - Расписание для группы ТМП-2022-3/6 на дату 2025-03-24 успешно получено.
2025-03-24 19:24:00,253 - INFO - Расписание для группы ТКПД-2022-1/2 на дату 2025-03-24 успешно получено.
2025-03-24 19:24:00,254 - INFO - Расписание для группы ССА-2021-1/3 на дату 2025-03-24 успешно получено.
2025-03-24 19:24:00,255 - INFO - Расписание для группы ССА-2021-2/4 на дату 2025-03-24 успешно получено.
2025-03-24 19:24:00,256 - INFO - Расписание для группы КСК-2021-1/3 на дату 2025-03-24 успешно получено.
2025-03-24 19:24:00,256 - INFO - Расписание для группы КСК-2021-2/4 на дату 2025-03-24 успешно получено.
2025-03-24 19:24:00,257 - INFO - Расписание для группы Э-2021-1/3 на дату 2025-03-24 успешно получено.
2025-03-24 19:24:00,258 - INFO - Расписание для группы Э-2021-2 на дату 2025-03-24 успешно получено.
2025-03-24 19:24:00,258 - INFO - Расписание для группы ЭКТ-2021-1/2 на дату 2025-03-24 успешно получено.
2025-03-24 19:24:00,259 - INFO - Расписание для группы ТМП-2021-1 на дату 2025-03-24 успешно получено.
2025-03-24 19:24:00,260 - INFO - Расписание для группы ТМП-2021-2 на дату 2025-03-24 успешно получено.
2025-03-24 19:24:00,260 - INFO - Расписание для группы ТМП-2021-3 на дату 2025-03-24 успешно получено.
2025-03-24 19:24:00,261 - INFO - Расписание для группы ТКПД-2021-1 на дату 2025-03-24 успешно получено.
2025-03-24 19:24:00,262 - INFO - Расписание для группы ТМП-2020-1 на дату 2025-03-24 успешно получено.
2025-03-24 19:24:00,343 - INFO - Расписание для группы КСК-2024-1/3 на дату 2025-03-26 успешно получено.
2025-03-24 19:24:00,343 - INFO - Расписание для группы КСК-2024-2/4 на дату 2025-03-26 успешно получено.
2025-03-24 19:24:00,344 - INFO - Расписание для группы ССА-2024-1/3 на дату 2025-03-26 успешно получено.
2025-03-24 19:24:00,344 - INFO - Расписание для группы ССА-2024-2 на дату 2025-03-26 успешно получено.
2025-03-24 19:24:00,345 - INFO - Расписание для группы ТМС-2024-1/4 на дату 2025-03-26 успешно получено.
2025-03-24 19:24:00,345 - INFO - Расписание для группы ТМС-2024-2/5 на дату 2025-03-26 успешно получено.
2025-03-24 19:24:00,346 - INFO - Расписание для группы ТМС-2024-3 на дату 2025-03-26 успешно получено.
2025-03-24 19:24:00,346 - INFO - Расписание для группы Э-2024-1/3 на дату 2025-03-26 успешно получено.
2025-03-24 19:24:00,347 - INFO - Расписание для группы Э-2024-2 на дату 2025-03-26 успешно получено.
2025-03-24 19:24:00,347 - INFO - Расписание для группы ЭМ-2024-1 на дату 2025-03-26 успешно получено.
2025-03-24 19:24:00,348 - INFO - Расписание для группы ТПД-2024-1 на дату 2025-03-26 успешно получено.
2025-03-24 19:24:00,348 - INFO - Расписание для группы ЭКТ-2024-1 на дату 2025-03-26 успешно получено.
2025-03-24 19:24:00,349 - INFO - Расписание для группы ССА-2023-1/3 на дату 2025-03-26 успешно получено.
2025-03-24 19:24:00,350 - INFO - Расписание для группы ССА-2023-2/4 на дату 2025-03-26 успешно получено.
2025-03-24 19:24:00,350 - INFO - Расписание для группы КСК-2023-1/3 на дату 2025-03-26 успешно получено.
2025-03-24 19:24:00,351 - INFO - Расписание для группы КСК-2023-2/4 на дату 2025-03-26 успешно получено.
2025-03-24 19:24:00,352 - INFO - Расписание для группы Э-2023-1/3 на дату 2025-03-26 успешно получено.
2025-03-24 19:24:00,352 - INFO - Расписание для группы Э-2023-2/4 на дату 2025-03-26 успешно получено.
2025-03-24 19:24:00,353 - INFO - Расписание для группы ЭКТ-2023-1/2 на дату 2025-03-26 успешно получено.
2025-03-24 19:24:00,353 - INFO - Расписание для группы ТКПД-2023-1/2 на дату 2025-03-26 успешно получено.
2025-03-24 19:24:00,354 - INFO - Расписание для группы ТМС-2023-1/4 на дату 2025-03-26 успешно получено.
2025-03-24 19:24:00,355 - INFO - Расписание для группы ТМС-2023-2/5 на дату 2025-03-26 успешно получено.
2025-03-24 19:24:00,355 - INFO - Расписание для группы ТМС-2023-3/6 на дату 2025-03-26 успешно получено.
2025-03-24 19:24:00,356 - INFO - Расписание для группы ПСО-2022-1 на дату 2025-03-26 успешно получено.
2025-03-24 19:24:00,356 - INFO - Расписание для группы ПСО-2022-2 на дату 2025-03-26 успешно получено.
2025-03-24 19:24:00,357 - INFO - Расписание для группы ССА-2022-1/3 на дату 2025-03-26 успешно получено.
2025-03-24 19:24:00,358 - INFO - Расписание для группы ССА-2022-2 на дату 2025-03-26 успешно получено.
2025-03-24 19:24:00,358 - INFO - Расписание для группы КСК-2022-1/3 на дату 2025-03-26 успешно получено.
2025-03-24 19:24:00,359 - INFO - Расписание для группы КСК-2022-2/4 на дату 2025-03-26 успешно получено.
2025-03-24 19:24:00,359 - INFO - Расписание для группы Э-2022-1/3 на дату 2025-03-26 успешно получено.
2025-03-24 19:24:00,360 - INFO - Расписание для группы Э-2022-2/4 на дату 2025-03-26 успешно получено.
2025-03-24 19:24:00,361 - INFO - Расписание для группы ЭКТ-2022-1 на дату 2025-03-26 успешно получено.
2025-03-24 19:24:00,361 - INFO - Расписание для группы ТМП-2022-1/5 на дату 2025-03-26 успешно получено.
2025-03-24 19:24:00,362 - INFO - Расписание для группы ТМП-2022-2/4 на дату 2025-03-26 успешно получено.
2025-03-24 19:24:00,363 - INFO - Расписание для группы ТМП-2022-3/6 на дату 2025-03-26 успешно получено.
2025-03-24 19:24:00,363 - INFO - Расписание для группы ТКПД-2022-1/2 на дату 2025-03-26 успешно получено.
2025-03-24 19:24:00,364 - INFO - Расписание для группы ССА-2021-1/3 на дату 2025-03-26 успешно получено.
2025-03-24 19:24:00,365 - INFO - Расписание для группы ССА-2021-2/4 на дату 2025-03-26 успешно получено.
2025-03-24 19:24:00,366 - INFO - Расписание для группы КСК-2021-1/3 на дату 2025-03-26 успешно получено.
2025-03-24 19:24:00,367 - INFO - Расписание для группы КСК-2021-2/4 на дату 2025-03-26 успешно получено.
2025-03-24 19:24:00,367 - INFO - Расписание для группы Э-2021-1/3 на дату 2025-03-26 успешно получено.
2025-03-24 19:24:00,368 - INFO - Расписание для группы Э-2021-2 на дату 2025-03-26 успешно получено.
2025-03-24 19:24:00,369 - INFO - Расписание для группы ЭКТ-2021-1/2 на дату 2025-03-26 успешно получено.
2025-03-24 19:24:00,369 - INFO - Расписание для группы ТМП-2021-1 на дату 2025-03-26 успешно получено.
2025-03-24 19:24:00,370 - INFO - Расписание для группы ТМП-2021-2 на дату 2025-03-26 успешно получено.
2025-03-24 19:24:00,371 - INFO - Расписание для группы ТМП-2021-3 на дату 2025-03-26 успешно получено.
2025-03-24 19:24:00,372 - INFO - Расписание для группы ТКПД-2021-1 на дату 2025-03-26 успешно получено.
2025-03-24 19:24:00,374 - INFO - Расписание для группы ТМП-2020-1 на дату 2025-03-26 успешно получено.
2025-03-24 19:24:00,454 - INFO - Расписание для группы КСК-2024-1/3 на дату 2025-03-25 успешно получено.
2025-03-24 19:24:00,455 - INFO - Расписание для группы КСК-2024-2/4 на дату 2025-03-25 успешно получено.
2025-03-24 19:24:00,456 - INFO - Расписание для группы ССА-2024-1/3 на дату 2025-03-25 успешно получено.
2025-03-24 19:24:00,456 - INFO - Расписание для группы ССА-2024-2 на дату 2025-03-25 успешно получено.
2025-03-24 19:24:00,457 - INFO - Расписание для группы ТМС-2024-1/4 на дату 2025-03-25 успешно получено.
2025-03-24 19:24:00,457 - INFO - Расписание для группы ТМС-2024-2/5 на дату 2025-03-25 успешно получено.
2025-03-24 19:24:00,458 - INFO - Расписание для группы ТМС-2024-3 на дату 2025-03-25 успешно получено.
2025-03-24 19:24:00,458 - INFO - Расписание для группы Э-2024-1/3 на дату 2025-03-25 успешно получено.
2025-03-24 19:24:00,459 - INFO - Расписание для группы Э-2024-2 на дату 2025-03-25 успешно получено.
2025-03-24 19:24:00,460 - INFO - Расписание для группы ЭМ-2024-1 на дату 2025-03-25 успешно получено.
2025-03-24 19:24:00,460 - INFO - Расписание для группы ТПД-2024-1 на дату 2025-03-25 успешно получено.
2025-03-24 19:24:00,461 - INFO - Расписание для группы ЭКТ-2024-1 на дату 2025-03-25 успешно получено.
2025-03-24 19:24:00,461 - INFO - Расписание для группы ССА-2023-1/3 на дату 2025-03-25 успешно получено.
2025-03-24 19:24:00,462 - INFO - Расписание для группы ССА-2023-2/4 на дату 2025-03-25 успешно получено.
2025-03-24 19:24:00,462 - INFO - Расписание для группы КСК-2023-1/3 на дату 2025-03-25 успешно получено.
2025-03-24 19:24:00,463 - INFO - Расписание для группы КСК-2023-2/4 на дату 2025-03-25 успешно получено.
2025-03-24 19:24:00,464 - INFO - Расписание для группы Э-2023-1/3 на дату 2025-03-25 успешно получено.
2025-03-24 19:24:00,464 - INFO - Расписание для группы Э-2023-2/4 на дату 2025-03-25 успешно получено.
2025-03-24 19:24:00,465 - INFO - Расписание для группы ЭКТ-2023-1/2 на дату 2025-03-25 успешно получено.
2025-03-24 19:24:00,466 - INFO - Расписание для группы ТКПД-2023-1/2 на дату 2025-03-25 успешно получено.
2025-03-24 19:24:00,467 - INFO - Расписание для группы ТМС-2023-1/4 на дату 2025-03-25 успешно получено.
2025-03-24 19:24:00,468 - INFO - Расписание для группы ТМС-2023-2/5 на дату 2025-03-25 успешно получено.
2025-03-24 19:24:00,468 - INFO - Расписание для группы ТМС-2023-3/6 на дату 2025-03-25 успешно получено.
2025-03-24 19:24:00,470 - INFO - Расписание для группы ПСО-2022-1 на дату 2025-03-25 успешно получено.
2025-03-24 19:24:00,471 - INFO - Расписание для группы ПСО-2022-2 на дату 2025-03-25 успешно получено.
2025-03-24 19:24:00,472 - INFO - Расписание для группы ССА-2022-1/3 на дату 2025-03-25 успешно получено.
2025-03-24 19:24:00,472 - INFO - Расписание для группы ССА-2022-2 на дату 2025-03-25 успешно получено.
2025-03-24 19:24:00,473 - INFO - Расписание для группы КСК-2022-1/3 на дату 2025-03-25 успешно получено.
2025-03-24 19:24:00,474 - INFO - Расписание для группы КСК-2022-2/4 на дату 2025-03-25 успешно получено.
2025-03-24 19:24:00,476 - INFO - Расписание для группы Э-2022-1/3 на дату 2025-03-25 успешно получено.
2025-03-24 19:24:00,477 - INFO - Расписание для группы Э-2022-2/4 на дату 2025-03-25 успешно получено.
2025-03-24 19:24:00,477 - INFO - Расписание для группы ЭКТ-2022-1 на дату 2025-03-25 успешно получено.
2025-03-24 19:24:00,478 - INFO - Расписание для группы ТМП-2022-1/5 на дату 2025-03-25 успешно получено.
2025-03-24 19:24:00,479 - INFO - Расписание для группы ТМП-2022-2/4 на дату 2025-03-25 успешно получено.
2025-03-24 19:24:00,480 - INFO - Расписание для группы ТМП-2022-3/6 на дату 2025-03-25 успешно получено.
2025-03-24 19:24:00,480 - INFO - Расписание для группы ТКПД-2022-1/2 на дату 2025-03-25 успешно получено.
2025-03-24 19:24:00,481 - INFO - Расписание для группы ССА-2021-1/3 на дату 2025-03-25 успешно получено.
2025-03-24 19:24:00,482 - INFO - Расписание для группы ССА-2021-2/4 на дату 2025-03-25 успешно получено.
2025-03-24 19:24:00,483 - INFO - Расписание для группы КСК-2021-1/3 на дату 2025-03-25 успешно получено.
2025-03-24 19:24:00,484 - INFO - Расписание для группы КСК-2021-2/4 на дату 2025-03-25 успешно получено.
2025-03-24 19:24:00,485 - INFO - Расписание для группы Э-2021-1/3 на дату 2025-03-25 успешно получено.
2025-03-24 19:24:00,486 - INFO - Расписание для группы Э-2021-2 на дату 2025-03-25 успешно получено.
2025-03-24 19:24:00,487 - INFO - Расписание для группы ЭКТ-2021-1/2 на дату 2025-03-25 успешно получено.
2025-03-24 19:24:00,488 - INFO - Расписание для группы ТМП-2021-1 на дату 2025-03-25 успешно получено.
2025-03-24 19:24:00,488 - INFO - Расписание для группы ТМП-2021-2 на дату 2025-03-25 успешно получено.
2025-03-24 19:24:00,489 - INFO - Расписание для группы ТМП-2021-3 на дату 2025-03-25 успешно получено.
2025-03-24 19:24:00,490 - INFO - Расписание для группы ТКПД-2021-1 на дату 2025-03-25 успешно получено.
2025-03-24 19:24:00,491 - INFO - Расписание для группы ТМП-2020-1 на дату 2025-03-25 успешно получено.
2025-03-24 19:24:00,576 - INFO - Расписание для группы КСК-2024-1/3 на дату 2025-03-29 успешно получено.
2025-03-24 19:24:00,577 - INFO - Расписание для группы КСК-2024-2/4 на дату 2025-03-29 успешно получено.
2025-03-24 19:24:00,577 - INFO - Расписание для группы ССА-2024-1/3 на дату 2025-03-29 успешно получено.
2025-03-24 19:24:00,578 - INFO - Расписание для группы ССА-2024-2 на дату 2025-03-29 успешно получено.
2025-03-24 19:24:00,578 - INFO - Расписание для группы ТМС-2024-1/4 на дату 2025-03-29 успешно получено.
2025-03-24 19:24:00,579 - INFO - Расписание для группы ТМС-2024-2/5 на дату 2025-03-29 успешно получено.
2025-03-24 19:24:00,579 - INFO - Расписание для группы ТМС-2024-3 на дату 2025-03-29 успешно получено.
2025-03-24 19:24:00,580 - INFO - Расписание для группы Э-2024-1/3 на дату 2025-03-29 успешно получено.
2025-03-24 19:24:00,581 - INFO - Расписание для группы Э-2024-2 на дату 2025-03-29 успешно получено.
2025-03-24 19:24:00,581 - INFO - Расписание для группы ЭМ-2024-1 на дату 2025-03-29 успешно получено.
2025-03-24 19:24:00,582 - INFO - Расписание для группы ТПД-2024-1 на дату 2025-03-29 успешно получено.
2025-03-24 19:24:00,583 - INFO - Расписание для группы ЭКТ-2024-1 на дату 2025-03-29 успешно получено.
2025-03-24 19:24:00,583 - INFO - Расписание для группы ССА-2023-1/3 на дату 2025-03-29 успешно получено.
2025-03-24 19:24:00,584 - INFO - Расписание для группы ССА-2023-2/4 на дату 2025-03-29 успешно получено.
2025-03-24 19:24:00,584 - INFO - Расписание для группы КСК-2023-1/3 на дату 2025-03-29 успешно получено.
2025-03-24 19:24:00,585 - INFO - Расписание для группы КСК-2023-2/4 на дату 2025-03-29 успешно получено.
2025-03-24 19:24:00,586 - INFO - Расписание для группы Э-2023-1/3 на дату 2025-03-29 успешно получено.
2025-03-24 19:24:00,586 - INFO - Расписание для группы Э-2023-2/4 на дату 2025-03-29 успешно получено.
2025-03-24 19:24:00,587 - INFO - Расписание для группы ЭКТ-2023-1/2 на дату 2025-03-29 успешно получено.
2025-03-24 19:24:00,588 - INFO - Расписание для группы ТКПД-2023-1/2 на дату 2025-03-29 успешно получено.
2025-03-24 19:24:00,588 - INFO - Расписание для группы ТМС-2023-1/4 на дату 2025-03-29 успешно получено.
2025-03-24 19:24:00,589 - INFO - Расписание для группы ТМС-2023-2/5 на дату 2025-03-29 успешно получено.
2025-03-24 19:24:00,589 - INFO - Расписание для группы ТМС-2023-3/6 на дату 2025-03-29 успешно получено.
2025-03-24 19:24:00,590 - INFO - Расписание для группы ПСО-2022-1 на дату 2025-03-29 успешно получено.
2025-03-24 19:24:00,591 - INFO - Расписание для группы ПСО-2022-2 на дату 2025-03-29 успешно получено.
2025-03-24 19:24:00,591 - INFO - Расписание для группы ССА-2022-1/3 на дату 2025-03-29 успешно получено.
2025-03-24 19:24:00,592 - INFO - Расписание для группы ССА-2022-2 на дату 2025-03-29 успешно получено.
2025-03-24 19:24:00,592 - INFO - Расписание для группы КСК-2022-1/3 на дату 2025-03-29 успешно получено.
2025-03-24 19:24:00,593 - INFO - Расписание для группы КСК-2022-2/4 на дату 2025-03-29 успешно получено.
2025-03-24 19:24:00,594 - INFO - Расписание для группы Э-2022-1/3 на дату 2025-03-29 успешно получено.
2025-03-24 19:24:00,594 - INFO - Расписание для группы Э-2022-2/4 на дату 2025-03-29 успешно получено.
2025-03-24 19:24:00,595 - INFO - Расписание для группы ЭКТ-2022-1 на дату 2025-03-29 успешно получено.
2025-03-24 19:24:00,595 - INFO - Расписание для группы ТМП-2022-1/5 на дату 2025-03-29 успешно получено.
2025-03-24 19:24:00,596 - INFO - Расписание для группы ТМП-2022-2/4 на дату 2025-03-29 успешно получено.
2025-03-24 19:24:00,597 - INFO - Расписание для группы ТМП-2022-3/6 на дату 2025-03-29 успешно получено.
2025-03-24 19:24:00,597 - INFO - Расписание для группы ТКПД-2022-1/2 на дату 2025-03-29 успешно получено.
2025-03-24 19:24:00,598 - INFO - Расписание для группы ССА-2021-1/3 на дату 2025-03-29 успешно получено.
2025-03-24 19:24:00,599 - INFO - Расписание для группы ССА-2021-2/4 на дату 2025-03-29 успешно получено.
2025-03-24 19:24:00,600 - INFO - Расписание для группы КСК-2021-1/3 на дату 2025-03-29 успешно получено.
2025-03-24 19:24:00,601 - INFO - Расписание для группы КСК-2021-2/4 на дату 2025-03-29 успешно получено.
2025-03-24 19:24:00,601 - INFO - Расписание для группы Э-2021-1/3 на дату 2025-03-29 успешно получено.
2025-03-24 19:24:00,602 - INFO - Расписание для группы Э-2021-2 на дату 2025-03-29 успешно получено.
2025-03-24 19:24:00,603 - INFO - Расписание для группы ЭКТ-2021-1/2 на дату 2025-03-29 успешно получено.
2025-03-24 19:24:00,604 - INFO - Расписание для группы ТМП-2021-1 на дату 2025-03-29 успешно получено.
2025-03-24 19:24:00,604 - INFO - Расписание для группы ТМП-2021-2 на дату 2025-03-29 успешно получено.
2025-03-24 19:24:00,605 - INFO - Расписание для группы ТМП-2021-3 на дату 2025-03-29 успешно получено.
2025-03-24 19:24:00,605 - INFO - Расписание для группы ТКПД-2021-1 на дату 2025-03-29 успешно получено.
2025-03-24 19:24:00,606 - INFO - Расписание для группы ТМП-2020-1 на дату 2025-03-29 успешно получено.
2025-03-24 19:24:00,771 - INFO - Расписание для группы КСК-2024-1/3 на дату 2025-03-27 успешно получено.
2025-03-24 19:24:00,772 - INFO - Расписание для группы КСК-2024-2/4 на дату 2025-03-27 успешно получено.
2025-03-24 19:24:00,773 - INFO - Расписание для группы ССА-2024-1/3 на дату 2025-03-27 успешно получено.
2025-03-24 19:24:00,773 - INFO - Расписание для группы ССА-2024-2 на дату 2025-03-27 успешно получено.
2025-03-24 19:24:00,774 - INFO - Расписание для группы ТМС-2024-1/4 на дату 2025-03-27 успешно получено.
2025-03-24 19:24:00,775 - INFO - Расписание для группы ТМС-2024-2/5 на дату 2025-03-27 успешно получено.
2025-03-24 19:24:00,775 - INFO - Расписание для группы ТМС-2024-3 на дату 2025-03-27 успешно получено.
2025-03-24 19:24:00,776 - INFO - Расписание для группы Э-2024-1/3 на дату 2025-03-27 успешно получено.
2025-03-24 19:24:00,776 - INFO - Расписание для группы Э-2024-2 на дату 2025-03-27 успешно получено.
2025-03-24 19:24:00,777 - INFO - Расписание для группы ЭМ-2024-1 на дату 2025-03-27 успешно получено.
2025-03-24 19:24:00,777 - INFO - Расписание для группы ТПД-2024-1 на дату 2025-03-27 успешно получено.
2025-03-24 19:24:00,778 - INFO - Расписание для группы ЭКТ-2024-1 на дату 2025-03-27 успешно получено.
2025-03-24 19:24:00,778 - INFO - Расписание для группы ССА-2023-1/3 на дату 2025-03-27 успешно получено.
2025-03-24 19:24:00,779 - INFO - Расписание для группы ССА-2023-2/4 на дату 2025-03-27 успешно получено.
2025-03-24 19:24:00,780 - INFO - Расписание для группы КСК-2023-1/3 на дату 2025-03-27 успешно получено.
2025-03-24 19:24:00,780 - INFO - Расписание для группы КСК-2023-2/4 на дату 2025-03-27 успешно получено.
2025-03-24 19:24:00,781 - INFO - Расписание для группы Э-2023-1/3 на дату 2025-03-27 успешно получено.
2025-03-24 19:24:00,781 - INFO - Расписание для группы Э-2023-2/4 на дату 2025-03-27 успешно получено.
2025-03-24 19:24:00,782 - INFO - Расписание для группы ЭКТ-2023-1/2 на дату 2025-03-27 успешно получено.
2025-03-24 19:24:00,783 - INFO - Расписание для группы ТКПД-2023-1/2 на дату 2025-03-27 успешно получено.
2025-03-24 19:24:00,783 - INFO - Расписание для группы ТМС-2023-1/4 на дату 2025-03-27 успешно получено.
2025-03-24 19:24:00,784 - INFO - Расписание для группы ТМС-2023-2/5 на дату 2025-03-27 успешно получено.
2025-03-24 19:24:00,784 - INFO - Расписание для группы ТМС-2023-3/6 на дату 2025-03-27 успешно получено.
2025-03-24 19:24:00,785 - INFO - Расписание для группы ПСО-2022-1 на дату 2025-03-27 успешно получено.
2025-03-24 19:24:00,785 - INFO - Расписание для группы ПСО-2022-2 на дату 2025-03-27 успешно получено.
2025-03-24 19:24:00,786 - INFO - Расписание для группы ССА-2022-1/3 на дату 2025-03-27 успешно получено.
2025-03-24 19:24:00,787 - INFO - Расписание для группы ССА-2022-2 на дату 2025-03-27 успешно получено.
2025-03-24 19:24:00,787 - INFO - Расписание для группы КСК-2022-1/3 на дату 2025-03-27 успешно получено.
2025-03-24 19:24:00,788 - INFO - Расписание для группы КСК-2022-2/4 на дату 2025-03-27 успешно получено.
2025-03-24 19:24:00,789 - INFO - Расписание для группы Э-2022-1/3 на дату 2025-03-27 успешно получено.
2025-03-24 19:24:00,789 - INFO - Расписание для группы Э-2022-2/4 на дату 2025-03-27 успешно получено.
2025-03-24 19:24:00,790 - INFO - Расписание для группы ЭКТ-2022-1 на дату 2025-03-27 успешно получено.
2025-03-24 19:24:00,790 - INFO - Расписание для группы ТМП-2022-1/5 на дату 2025-03-27 успешно получено.
2025-03-24 19:24:00,791 - INFO - Расписание для группы ТМП-2022-2/4 на дату 2025-03-27 успешно получено.
2025-03-24 19:24:00,792 - INFO - Расписание для группы ТМП-2022-3/6 на дату 2025-03-27 успешно получено.
2025-03-24 19:24:00,792 - INFO - Расписание для группы ТКПД-2022-1/2 на дату 2025-03-27 успешно получено.
2025-03-24 19:24:00,793 - INFO - Расписание для группы ССА-2021-1/3 на дату 2025-03-27 успешно получено.
2025-03-24 19:24:00,794 - INFO - Расписание для группы ССА-2021-2/4 на дату 2025-03-27 успешно получено.
2025-03-24 19:24:00,795 - INFO - Расписание для группы КСК-2021-1/3 на дату 2025-03-27 успешно получено.
2025-03-24 19:24:00,795 - INFO - Расписание для группы КСК-2021-2/4 на дату 2025-03-27 успешно получено.
2025-03-24 19:24:00,796 - INFO - Расписание для группы Э-2021-1/3 на дату 2025-03-27 успешно получено.
2025-03-24 19:24:00,796 - INFO - Расписание для группы Э-2021-2 на дату 2025-03-27 успешно получено.
2025-03-24 19:24:00,797 - INFO - Расписание для группы ЭКТ-2021-1/2 на дату 2025-03-27 успешно получено.
2025-03-24 19:24:00,798 - INFO - Расписание для группы ТМП-2021-1 на дату 2025-03-27 успешно получено.
2025-03-24 19:24:00,798 - INFO - Расписание для группы ТМП-2021-2 на дату 2025-03-27 успешно получено.
2025-03-24 19:24:00,799 - INFO - Расписание для группы ТМП-2021-3 на дату 2025-03-27 успешно получено.
2025-03-24 19:24:00,800 - INFO - Расписание для группы ТКПД-2021-1 на дату 2025-03-27 успешно получено.
2025-03-24 19:24:00,801 - INFO - Расписание для группы ТМП-2020-1 на дату 2025-03-27 успешно получено.
2025-03-24 19:24:00,881 - INFO - Расписание для группы КСК-2024-1/3 на дату 2025-03-28 успешно получено.
2025-03-24 19:24:00,882 - INFO - Расписание для группы КСК-2024-2/4 на дату 2025-03-28 успешно получено.
2025-03-24 19:24:00,882 - INFO - Расписание для группы ССА-2024-1/3 на дату 2025-03-28 успешно получено.
2025-03-24 19:24:00,883 - INFO - Расписание для группы ССА-2024-2 на дату 2025-03-28 успешно получено.
2025-03-24 19:24:00,883 - INFO - Расписание для группы ТМС-2024-1/4 на дату 2025-03-28 успешно получено.
2025-03-24 19:24:00,884 - INFO - Расписание для группы ТМС-2024-2/5 на дату 2025-03-28 успешно получено.
2025-03-24 19:24:00,885 - INFO - Расписание для группы ТМС-2024-3 на дату 2025-03-28 успешно получено.
2025-03-24 19:24:00,885 - INFO - Расписание для группы Э-2024-1/3 на дату 2025-03-28 успешно получено.
2025-03-24 19:24:00,886 - INFO - Расписание для группы Э-2024-2 на дату 2025-03-28 успешно получено.
2025-03-24 19:24:00,886 - INFO - Расписание для группы ЭМ-2024-1 на дату 2025-03-28 успешно получено.
2025-03-24 19:24:00,887 - INFO - Расписание для группы ТПД-2024-1 на дату 2025-03-28 успешно получено.
2025-03-24 19:24:00,888 - INFO - Расписание для группы ЭКТ-2024-1 на дату 2025-03-28 успешно получено.
2025-03-24 19:24:00,888 - INFO - Расписание для группы ССА-2023-1/3 на дату 2025-03-28 успешно получено.
2025-03-24 19:24:00,889 - INFO - Расписание для группы ССА-2023-2/4 на дату 2025-03-28 успешно получено.
2025-03-24 19:24:00,890 - INFO - Расписание для группы КСК-2023-1/3 на дату 2025-03-28 успешно получено.
2025-03-24 19:24:00,891 - INFO - Расписание для группы КСК-2023-2/4 на дату 2025-03-28 успешно получено.
2025-03-24 19:24:00,891 - INFO - Расписание для группы Э-2023-1/3 на дату 2025-03-28 успешно получено.
2025-03-24 19:24:00,892 - INFO - Расписание для группы Э-2023-2/4 на дату 2025-03-28 успешно получено.
2025-03-24 19:24:00,893 - INFO - Расписание для группы ЭКТ-2023-1/2 на дату 2025-03-28 успешно получено.
2025-03-24 19:24:00,893 - INFO - Расписание для группы ТКПД-2023-1/2 на дату 2025-03-28 успешно получено.
2025-03-24 19:24:00,894 - INFO - Расписание для группы ТМС-2023-1/4 на дату 2025-03-28 успешно получено.
2025-03-24 19:24:00,894 - INFO - Расписание для группы ТМС-2023-2/5 на дату 2025-03-28 успешно получено.
2025-03-24 19:24:00,895 - INFO - Расписание для группы ТМС-2023-3/6 на дату 2025-03-28 успешно получено.
2025-03-24 19:24:00,895 - INFO - Расписание для группы ПСО-2022-1 на дату 2025-03-28 успешно получено.
2025-03-24 19:24:00,896 - INFO - Расписание для группы ПСО-2022-2 на дату 2025-03-28 успешно получено.
2025-03-24 19:24:00,896 - INFO - Расписание для группы ССА-2022-1/3 на дату 2025-03-28 успешно получено.
2025-03-24 19:24:00,897 - INFO - Расписание для группы ССА-2022-2 на дату 2025-03-28 успешно получено.
2025-03-24 19:24:00,898 - INFO - Расписание для группы КСК-2022-1/3 на дату 2025-03-28 успешно получено.
2025-03-24 19:24:00,898 - INFO - Расписание для группы КСК-2022-2/4 на дату 2025-03-28 успешно получено.
2025-03-24 19:24:00,899 - INFO - Расписание для группы Э-2022-1/3 на дату 2025-03-28 успешно получено.
2025-03-24 19:24:00,900 - INFO - Расписание для группы Э-2022-2/4 на дату 2025-03-28 успешно получено.
2025-03-24 19:24:00,900 - INFO - Расписание для группы ЭКТ-2022-1 на дату 2025-03-28 успешно получено.
2025-03-24 19:24:00,901 - INFO - Расписание для группы ТМП-2022-1/5 на дату 2025-03-28 успешно получено.
2025-03-24 19:24:00,902 - INFO - Расписание для группы ТМП-2022-2/4 на дату 2025-03-28 успешно получено.
2025-03-24 19:24:00,903 - INFO - Расписание для группы ТМП-2022-3/6 на дату 2025-03-28 успешно получено.
2025-03-24 19:24:00,904 - INFO - Расписание для группы ТКПД-2022-1/2 на дату 2025-03-28 успешно получено.
2025-03-24 19:24:00,905 - INFO - Расписание для группы ССА-2021-1/3 на дату 2025-03-28 успешно получено.
2025-03-24 19:24:00,906 - INFO - Расписание для группы ССА-2021-2/4 на дату 2025-03-28 успешно получено.
2025-03-24 19:24:00,906 - INFO - Расписание для группы КСК-2021-1/3 на дату 2025-03-28 успешно получено.
2025-03-24 19:24:00,907 - INFO - Расписание для группы КСК-2021-2/4 на дату 2025-03-28 успешно получено.
2025-03-24 19:24:00,908 - INFO - Расписание для группы Э-2021-1/3 на дату 2025-03-28 успешно получено.
2025-03-24 19:24:00,908 - INFO - Расписание для группы Э-2021-2 на дату 2025-03-28 успешно получено.
2025-03-24 19:24:00,909 - INFO - Расписание для группы ЭКТ-2021-1/2 на дату 2025-03-28 успешно получено.
2025-03-24 19:24:00,910 - INFO - Расписание для группы ТМП-2021-1 на дату 2025-03-28 успешно получено.
2025-03-24 19:24:00,910 - INFO - Расписание для группы ТМП-2021-2 на дату 2025-03-28 успешно получено.
2025-03-24 19:24:00,911 - INFO - Расписание для группы ТМП-2021-3 на дату 2025-03-28 успешно получено.
2025-03-24 19:24:00,911 - INFO - Расписание для группы ТКПД-2021-1 на дату 2025-03-28 успешно получено.
2025-03-24 19:24:00,912 - INFO - Расписание для группы ТМП-2020-1 на дату 2025-03-28 успешно получено.
2025-03-24 19:24:02,495 - INFO - Добавлено/обновлено 288 записей.
2025-03-24 19:24:02,495 - INFO - Данные расписания сохранены в БД, количество записей: 288.
2025-03-24 19:24:02,680 - INFO - Update id=860671868 is handled. Duration 3410 ms by bot id=7732473607
2025-03-24 19:24:05,706 - INFO - Update id=860671869 is handled. Duration 465 ms by bot id=7732473607
2025-03-24 19:24:19,144 - INFO - Update id=860671870 is handled. Duration 769 ms by bot id=7732473607
2025-03-24 19:24:20,263 - INFO - Получение названия группы пользователя.
2025-03-24 19:24:21,377 - INFO - Update id=860671871 is handled. Duration 1117 ms by bot id=7732473607
2025-03-24 19:24:28,834 - INFO - Update id=860671872 is handled. Duration 699 ms by bot id=7732473607
2025-03-24 19:24:29,695 - INFO - Получение названия группы пользователя.
2025-03-24 19:24:30,434 - INFO - Update id=860671873 is handled. Duration 743 ms by bot id=7732473607
2025-03-24 19:24:39,920 - INFO - Update id=860671874 is handled. Duration 434 ms by bot id=7732473607
2025-03-24 19:24:41,035 - INFO - Получение названия группы пользователя.
2025-03-24 19:24:41,787 - INFO - Update id=860671875 is handled. Duration 754 ms by bot id=7732473607
2025-03-24 19:24:49,978 - INFO - Update id=860671876 is handled. Duration 419 ms by bot id=7732473607
2025-03-24 19:24:52,221 - INFO - Получение названия группы пользователя.
2025-03-24 19:24:52,936 - INFO - Update id=860671877 is handled. Duration 717 ms by bot id=7732473607
2025-03-24 19:27:03,652 - INFO - Запуск бота...
2025-03-24 19:27:04,872 - INFO - Подключение к базе данных установлено.
2025-03-24 19:27:05,176 - INFO - Таблицы проверены/созданы.
2025-03-24 19:27:05,479 - INFO - Индексы проверены/созданы.
2025-03-24 19:27:05,480 - INFO - Запуск планировщика...
2025-03-24 19:27:05,481 - INFO - Adding job tentatively -- it will be properly scheduled when the scheduler starts
2025-03-24 19:27:05,482 - INFO - Added job "run_parser" to job store "default"
2025-03-24 19:27:05,482 - INFO - Scheduler started
2025-03-24 19:27:05,837 - INFO - Start polling
2025-03-24 19:27:05,930 - INFO - Run polling for bot @affine_test_bot id=7732473607 - 'affine'
2025-03-24 19:27:08,653 - INFO - Update id=860671878 is handled. Duration 758 ms by bot id=7732473607
2025-03-24 19:27:09,490 - INFO - Получение названия группы пользователя.
2025-03-24 19:27:09,940 - INFO - Получение расписания для группы ССА-2022-2 на 2025-03-24 из кэша или базы данных.
2025-03-24 19:27:10,749 - INFO - Update id=860671879 is handled. Duration 1260 ms by bot id=7732473607
2025-03-24 19:27:14,824 - INFO - Получение доступных дат из кэша или базы данных.
2025-03-24 19:27:15,525 - INFO - Update id=860671880 is handled. Duration 704 ms by bot id=7732473607
2025-03-24 19:27:17,033 - INFO - Получение названия группы пользователя.
2025-03-24 19:27:17,332 - INFO - Получение расписания для группы ССА-2022-2 на 2025-03-25 из кэша или базы данных.
2025-03-24 19:27:17,914 - INFO - Update id=860671881 is handled. Duration 884 ms by bot id=7732473607
2025-03-24 19:27:18,936 - INFO - Update id=860671882 is handled. Duration 125 ms by bot id=7732473607
2025-03-24 19:27:19,657 - INFO - Получение названия группы пользователя.
2025-03-24 19:27:20,228 - INFO - Update id=860671883 is handled. Duration 574 ms by bot id=7732473607
2025-03-24 19:27:28,344 - INFO - Update id=860671884 is handled. Duration 287 ms by bot id=7732473607
2025-03-24 19:27:29,565 - INFO - Получение названия группы пользователя.
2025-03-24 19:27:29,866 - INFO - Получение расписания для группы ССА-2022-2 на 2025-03-29 из кэша или базы данных.
2025-03-24 19:27:30,608 - INFO - Update id=860671885 is handled. Duration 1046 ms by bot id=7732473607
2025-03-24 19:27:34,639 - INFO - Update id=860671886 is handled. Duration 165 ms by bot id=7732473607
2025-03-24 19:27:35,605 - INFO - Получение названия группы пользователя.
2025-03-24 19:27:36,242 - INFO - Update id=860671887 is handled. Duration 639 ms by bot id=7732473607
2025-03-24 19:27:44,650 - INFO - Update id=860671888 is handled. Duration 466 ms by bot id=7732473607
2025-03-24 19:27:46,696 - INFO - Update id=860671889 is handled. Duration 696 ms by bot id=7732473607
2025-03-24 19:27:48,638 - INFO - Получение названий групп из кэша или базы данных.
2025-03-24 19:27:49,374 - INFO - Update id=860671890 is handled. Duration 737 ms by bot id=7732473607
2025-03-24 19:27:50,792 - INFO - Изменена группа пользователя 5124967932 на ПСО-2022-2.
2025-03-24 19:27:51,355 - INFO - Update id=860671891 is handled. Duration 1046 ms by bot id=7732473607
2025-03-24 19:27:54,462 - INFO - Update id=860671892 is handled. Duration 483 ms by bot id=7732473607
2025-03-24 19:27:55,479 - INFO - Получение названия группы пользователя.
2025-03-24 19:27:55,778 - INFO - Получение расписания для группы ПСО-2022-2 на 2025-03-24 из кэша или базы данных.
2025-03-24 19:27:56,547 - INFO - Update id=860671893 is handled. Duration 1071 ms by bot id=7732473607
2025-03-24 19:28:05,356 - INFO - Update id=860671894 is handled. Duration 236 ms by bot id=7732473607
2025-03-24 19:28:06,565 - INFO - Получение названия группы пользователя.
2025-03-24 19:28:07,187 - INFO - Update id=860671895 is handled. Duration 626 ms by bot id=7732473607
2025-03-24 19:28:09,157 - INFO - Update id=860671896 is handled. Duration 128 ms by bot id=7732473607
2025-03-24 19:28:10,186 - INFO - Получение названия группы пользователя.
2025-03-24 19:28:10,492 - INFO - Получение расписания для группы ПСО-2022-2 на 2025-03-25 из кэша или базы данных.
2025-03-24 19:28:10,936 - INFO - Update id=860671897 is handled. Duration 753 ms by bot id=7732473607
2025-03-24 19:28:14,397 - INFO - Update id=860671898 is handled. Duration 307 ms by bot id=7732473607
2025-03-24 19:28:15,112 - INFO - Получение названия группы пользователя.
2025-03-24 19:28:15,614 - INFO - Update id=860671899 is handled. Duration 505 ms by bot id=7732473607
2025-03-24 19:28:20,401 - INFO - Update id=860671900 is handled. Duration 445 ms by bot id=7732473607
2025-03-24 19:29:08,169 - INFO - Запуск бота...
2025-03-24 19:29:09,434 - INFO - Подключение к базе данных установлено.
2025-03-24 19:29:09,739 - INFO - Таблицы проверены/созданы.
2025-03-24 19:29:10,042 - INFO - Индексы проверены/созданы.
2025-03-24 19:29:10,044 - INFO - Запуск планировщика...
2025-03-24 19:29:10,045 - INFO - Adding job tentatively -- it will be properly scheduled when the scheduler starts
2025-03-24 19:29:10,045 - INFO - Added job "run_parser" to job store "default"
2025-03-24 19:29:10,045 - INFO - Scheduler started
2025-03-24 19:29:10,401 - INFO - Start polling
2025-03-24 19:29:10,498 - INFO - Run polling for bot @affine_test_bot id=7732473607 - 'affine'
2025-03-24 19:29:13,297 - INFO - Update id=860671901 is handled. Duration 867 ms by bot id=7732473607
2025-03-24 19:29:15,297 - INFO - Получение названий групп из кэша или базы данных.
2025-03-24 19:29:16,016 - INFO - Update id=860671902 is handled. Duration 720 ms by bot id=7732473607
2025-03-24 19:29:18,372 - INFO - Изменена группа пользователя 5124967932 на ССА-2022-2.
2025-03-24 19:29:18,909 - INFO - Update id=860671903 is handled. Duration 1019 ms by bot id=7732473607
2025-03-24 19:29:21,366 - INFO - Update id=860671904 is handled. Duration 671 ms by bot id=7732473607
2025-03-24 19:29:22,100 - INFO - Получение названия группы пользователя.
2025-03-24 19:29:22,548 - INFO - Получение расписания для группы ССА-2022-2 на 2025-03-24 из кэша или базы данных.
2025-03-24 19:29:23,154 - INFO - Update id=860671905 is handled. Duration 1057 ms by bot id=7732473607
2025-03-24 19:29:24,738 - INFO - Получение доступных дат из кэша или базы данных.
2025-03-24 19:29:25,505 - INFO - Update id=860671906 is handled. Duration 769 ms by bot id=7732473607
2025-03-24 19:29:26,414 - INFO - Получение названия группы пользователя.
2025-03-24 19:29:26,712 - INFO - Получение расписания для группы ССА-2022-2 на 2025-03-25 из кэша или базы данных.
2025-03-24 19:29:27,229 - INFO - Update id=860671907 is handled. Duration 819 ms by bot id=7732473607
2025-03-24 19:29:28,516 - INFO - Update id=860671908 is handled. Duration 130 ms by bot id=7732473607
2025-03-24 19:29:30,312 - INFO - Получение названия группы пользователя.
2025-03-24 19:29:30,829 - INFO - Update id=860671909 is handled. Duration 519 ms by bot id=7732473607
2025-03-24 19:29:36,619 - INFO - Update id=860671910 is handled. Duration 496 ms by bot id=7732473607
2025-03-24 19:29:37,435 - INFO - Получение названия группы пользователя.
2025-03-24 19:29:37,979 - INFO - Update id=860671911 is handled. Duration 547 ms by bot id=7732473607
2025-03-24 19:29:40,085 - INFO - Update id=860671912 is handled. Duration 449 ms by bot id=7732473607
2025-03-24 19:29:43,409 - INFO - Update id=860671913 is handled. Duration 485 ms by bot id=7732473607
2025-03-24 19:29:44,302 - INFO - Update id=860671914 is handled. Duration 210 ms by bot id=7732473607
2025-03-24 19:29:46,304 - INFO - Для даты 2025-03-30 отсутствует расписание.
2025-03-24 19:29:46,609 - INFO - Расписание для группы КСК-2024-1/3 на дату 2025-03-28 успешно получено.
2025-03-24 19:29:46,610 - INFO - Расписание для группы КСК-2024-2/4 на дату 2025-03-28 успешно получено.
2025-03-24 19:29:46,610 - INFO - Расписание для группы ССА-2024-1/3 на дату 2025-03-28 успешно получено.
2025-03-24 19:29:46,611 - INFO - Расписание для группы ССА-2024-2 на дату 2025-03-28 успешно получено.
2025-03-24 19:29:46,612 - INFO - Расписание для группы ТМС-2024-1/4 на дату 2025-03-28 успешно получено.
2025-03-24 19:29:46,612 - INFO - Расписание для группы ТМС-2024-2/5 на дату 2025-03-28 успешно получено.
2025-03-24 19:29:46,613 - INFO - Расписание для группы ТМС-2024-3 на дату 2025-03-28 успешно получено.
2025-03-24 19:29:46,613 - INFO - Расписание для группы Э-2024-1/3 на дату 2025-03-28 успешно получено.
2025-03-24 19:29:46,614 - INFO - Расписание для группы Э-2024-2 на дату 2025-03-28 успешно получено.
2025-03-24 19:29:46,614 - INFO - Расписание для группы ЭМ-2024-1 на дату 2025-03-28 успешно получено.
2025-03-24 19:29:46,615 - INFO - Расписание для группы ТПД-2024-1 на дату 2025-03-28 успешно получено.
2025-03-24 19:29:46,615 - INFO - Расписание для группы ЭКТ-2024-1 на дату 2025-03-28 успешно получено.
2025-03-24 19:29:46,616 - INFO - Расписание для группы ССА-2023-1/3 на дату 2025-03-28 успешно получено.
2025-03-24 19:29:46,617 - INFO - Расписание для группы ССА-2023-2/4 на дату 2025-03-28 успешно получено.
2025-03-24 19:29:46,617 - INFO - Расписание для группы КСК-2023-1/3 на дату 2025-03-28 успешно получено.
2025-03-24 19:29:46,618 - INFO - Расписание для группы КСК-2023-2/4 на дату 2025-03-28 успешно получено.
2025-03-24 19:29:46,619 - INFO - Расписание для группы Э-2023-1/3 на дату 2025-03-28 успешно получено.
2025-03-24 19:29:46,619 - INFO - Расписание для группы Э-2023-2/4 на дату 2025-03-28 успешно получено.
2025-03-24 19:29:46,620 - INFO - Расписание для группы ЭКТ-2023-1/2 на дату 2025-03-28 успешно получено.
2025-03-24 19:29:46,621 - INFO - Расписание для группы ТКПД-2023-1/2 на дату 2025-03-28 успешно получено.
2025-03-24 19:29:46,621 - INFO - Расписание для группы ТМС-2023-1/4 на дату 2025-03-28 успешно получено.
2025-03-24 19:29:46,622 - INFO - Расписание для группы ТМС-2023-2/5 на дату 2025-03-28 успешно получено.
2025-03-24 19:29:46,623 - INFO - Расписание для группы ТМС-2023-3/6 на дату 2025-03-28 успешно получено.
2025-03-24 19:29:46,623 - INFO - Расписание для группы ПСО-2022-1 на дату 2025-03-28 успешно получено.
2025-03-24 19:29:46,624 - INFO - Расписание для группы ПСО-2022-2 на дату 2025-03-28 успешно получено.
2025-03-24 19:29:46,624 - INFO - Расписание для группы ССА-2022-1/3 на дату 2025-03-28 успешно получено.
2025-03-24 19:29:46,625 - INFO - Расписание для группы ССА-2022-2 на дату 2025-03-28 успешно получено.
2025-03-24 19:29:46,625 - INFO - Расписание для группы КСК-2022-1/3 на дату 2025-03-28 успешно получено.
2025-03-24 19:29:46,626 - INFO - Расписание для группы КСК-2022-2/4 на дату 2025-03-28 успешно получено.
2025-03-24 19:29:46,627 - INFO - Расписание для группы Э-2022-1/3 на дату 2025-03-28 успешно получено.
2025-03-24 19:29:46,627 - INFO - Расписание для группы Э-2022-2/4 на дату 2025-03-28 успешно получено.
2025-03-24 19:29:46,628 - INFO - Расписание для группы ЭКТ-2022-1 на дату 2025-03-28 успешно получено.
2025-03-24 19:29:46,628 - INFO - Расписание для группы ТМП-2022-1/5 на дату 2025-03-28 успешно получено.
2025-03-24 19:29:46,629 - INFO - Расписание для группы ТМП-2022-2/4 на дату 2025-03-28 успешно получено.
2025-03-24 19:29:46,630 - INFO - Расписание для группы ТМП-2022-3/6 на дату 2025-03-28 успешно получено.
2025-03-24 19:29:46,630 - INFO - Расписание для группы ТКПД-2022-1/2 на дату 2025-03-28 успешно получено.
2025-03-24 19:29:46,632 - INFO - Расписание для группы ССА-2021-1/3 на дату 2025-03-28 успешно получено.
2025-03-24 19:29:46,633 - INFO - Расписание для группы ССА-2021-2/4 на дату 2025-03-28 успешно получено.
2025-03-24 19:29:46,633 - INFO - Расписание для группы КСК-2021-1/3 на дату 2025-03-28 успешно получено.
2025-03-24 19:29:46,634 - INFO - Расписание для группы КСК-2021-2/4 на дату 2025-03-28 успешно получено.
2025-03-24 19:29:46,634 - INFO - Расписание для группы Э-2021-1/3 на дату 2025-03-28 успешно получено.
2025-03-24 19:29:46,635 - INFO - Расписание для группы Э-2021-2 на дату 2025-03-28 успешно получено.
2025-03-24 19:29:46,636 - INFO - Расписание для группы ЭКТ-2021-1/2 на дату 2025-03-28 успешно получено.
2025-03-24 19:29:46,637 - INFO - Расписание для группы ТМП-2021-1 на дату 2025-03-28 успешно получено.
2025-03-24 19:29:46,637 - INFO - Расписание для группы ТМП-2021-2 на дату 2025-03-28 успешно получено.
2025-03-24 19:29:46,638 - INFO - Расписание для группы ТМП-2021-3 на дату 2025-03-28 успешно получено.
2025-03-24 19:29:46,639 - INFO - Расписание для группы ТКПД-2021-1 на дату 2025-03-28 успешно получено.
2025-03-24 19:29:46,640 - INFO - Расписание для группы ТМП-2020-1 на дату 2025-03-28 успешно получено.
2025-03-24 19:29:46,718 - INFO - Расписание для группы КСК-2024-1/3 на дату 2025-03-25 успешно получено.
2025-03-24 19:29:46,718 - INFO - Расписание для группы КСК-2024-2/4 на дату 2025-03-25 успешно получено.
2025-03-24 19:29:46,719 - INFO - Расписание для группы ССА-2024-1/3 на дату 2025-03-25 успешно получено.
2025-03-24 19:29:46,720 - INFO - Расписание для группы ССА-2024-2 на дату 2025-03-25 успешно получено.
2025-03-24 19:29:46,720 - INFO - Расписание для группы ТМС-2024-1/4 на дату 2025-03-25 успешно получено.
2025-03-24 19:29:46,721 - INFO - Расписание для группы ТМС-2024-2/5 на дату 2025-03-25 успешно получено.
2025-03-24 19:29:46,721 - INFO - Расписание для группы ТМС-2024-3 на дату 2025-03-25 успешно получено.
2025-03-24 19:29:46,722 - INFO - Расписание для группы Э-2024-1/3 на дату 2025-03-25 успешно получено.
2025-03-24 19:29:46,722 - INFO - Расписание для группы Э-2024-2 на дату 2025-03-25 успешно получено.
2025-03-24 19:29:46,723 - INFO - Расписание для группы ЭМ-2024-1 на дату 2025-03-25 успешно получено.
2025-03-24 19:29:46,723 - INFO - Расписание для группы ТПД-2024-1 на дату 2025-03-25 успешно получено.
2025-03-24 19:29:46,724 - INFO - Расписание для группы ЭКТ-2024-1 на дату 2025-03-25 успешно получено.
2025-03-24 19:29:46,724 - INFO - Расписание для группы ССА-2023-1/3 на дату 2025-03-25 успешно получено.
2025-03-24 19:29:46,725 - INFO - Расписание для группы ССА-2023-2/4 на дату 2025-03-25 успешно получено.
2025-03-24 19:29:46,725 - INFO - Расписание для группы КСК-2023-1/3 на дату 2025-03-25 успешно получено.
2025-03-24 19:29:46,726 - INFO - Расписание для группы КСК-2023-2/4 на дату 2025-03-25 успешно получено.
2025-03-24 19:29:46,727 - INFO - Расписание для группы Э-2023-1/3 на дату 2025-03-25 успешно получено.
2025-03-24 19:29:46,727 - INFO - Расписание для группы Э-2023-2/4 на дату 2025-03-25 успешно получено.
2025-03-24 19:29:46,728 - INFO - Расписание для группы ЭКТ-2023-1/2 на дату 2025-03-25 успешно получено.
2025-03-24 19:29:46,728 - INFO - Расписание для группы ТКПД-2023-1/2 на дату 2025-03-25 успешно получено.
2025-03-24 19:29:46,729 - INFO - Расписание для группы ТМС-2023-1/4 на дату 2025-03-25 успешно получено.
2025-03-24 19:29:46,729 - INFO - Расписание для группы ТМС-2023-2/5 на дату 2025-03-25 успешно получено.
2025-03-24 19:29:46,730 - INFO - Расписание для группы ТМС-2023-3/6 на дату 2025-03-25 успешно получено.
2025-03-24 19:29:46,730 - INFO - Расписание для группы ПСО-2022-1 на дату 2025-03-25 успешно получено.
2025-03-24 19:29:46,731 - INFO - Расписание для группы ПСО-2022-2 на дату 2025-03-25 успешно получено.
2025-03-24 19:29:46,732 - INFO - Расписание для группы ССА-2022-1/3 на дату 2025-03-25 успешно получено.
2025-03-24 19:29:46,732 - INFO - Расписание для группы ССА-2022-2 на дату 2025-03-25 успешно получено.
2025-03-24 19:29:46,733 - INFO - Расписание для группы КСК-2022-1/3 на дату 2025-03-25 успешно получено.
2025-03-24 19:29:46,733 - INFO - Расписание для группы КСК-2022-2/4 на дату 2025-03-25 успешно получено.
2025-03-24 19:29:46,735 - INFO - Расписание для группы Э-2022-1/3 на дату 2025-03-25 успешно получено.
2025-03-24 19:29:46,735 - INFO - Расписание для группы Э-2022-2/4 на дату 2025-03-25 успешно получено.
2025-03-24 19:29:46,736 - INFO - Расписание для группы ЭКТ-2022-1 на дату 2025-03-25 успешно получено.
2025-03-24 19:29:46,737 - INFO - Расписание для группы ТМП-2022-1/5 на дату 2025-03-25 успешно получено.
2025-03-24 19:29:46,737 - INFO - Расписание для группы ТМП-2022-2/4 на дату 2025-03-25 успешно получено.
2025-03-24 19:29:46,738 - INFO - Расписание для группы ТМП-2022-3/6 на дату 2025-03-25 успешно получено.
2025-03-24 19:29:46,738 - INFO - Расписание для группы ТКПД-2022-1/2 на дату 2025-03-25 успешно получено.
2025-03-24 19:29:46,740 - INFO - Расписание для группы ССА-2021-1/3 на дату 2025-03-25 успешно получено.
2025-03-24 19:29:46,740 - INFO - Расписание для группы ССА-2021-2/4 на дату 2025-03-25 успешно получено.
2025-03-24 19:29:46,741 - INFO - Расписание для группы КСК-2021-1/3 на дату 2025-03-25 успешно получено.
2025-03-24 19:29:46,742 - INFO - Расписание для группы КСК-2021-2/4 на дату 2025-03-25 успешно получено.
2025-03-24 19:29:46,742 - INFO - Расписание для группы Э-2021-1/3 на дату 2025-03-25 успешно получено.
2025-03-24 19:29:46,743 - INFO - Расписание для группы Э-2021-2 на дату 2025-03-25 успешно получено.
2025-03-24 19:29:46,744 - INFO - Расписание для группы ЭКТ-2021-1/2 на дату 2025-03-25 успешно получено.
2025-03-24 19:29:46,744 - INFO - Расписание для группы ТМП-2021-1 на дату 2025-03-25 успешно получено.
2025-03-24 19:29:46,745 - INFO - Расписание для группы ТМП-2021-2 на дату 2025-03-25 успешно получено.
2025-03-24 19:29:46,746 - INFO - Расписание для группы ТМП-2021-3 на дату 2025-03-25 успешно получено.
2025-03-24 19:29:46,746 - INFO - Расписание для группы ТКПД-2021-1 на дату 2025-03-25 успешно получено.
2025-03-24 19:29:46,747 - INFO - Расписание для группы ТМП-2020-1 на дату 2025-03-25 успешно получено.
2025-03-24 19:29:46,828 - INFO - Расписание для группы КСК-2024-1/3 на дату 2025-03-26 успешно получено.
2025-03-24 19:29:46,828 - INFO - Расписание для группы КСК-2024-2/4 на дату 2025-03-26 успешно получено.
2025-03-24 19:29:46,829 - INFO - Расписание для группы ССА-2024-1/3 на дату 2025-03-26 успешно получено.
2025-03-24 19:29:46,829 - INFO - Расписание для группы ССА-2024-2 на дату 2025-03-26 успешно получено.
2025-03-24 19:29:46,830 - INFO - Расписание для группы ТМС-2024-1/4 на дату 2025-03-26 успешно получено.
2025-03-24 19:29:46,831 - INFO - Расписание для группы ТМС-2024-2/5 на дату 2025-03-26 успешно получено.
2025-03-24 19:29:46,831 - INFO - Расписание для группы ТМС-2024-3 на дату 2025-03-26 успешно получено.
2025-03-24 19:29:46,832 - INFO - Расписание для группы Э-2024-1/3 на дату 2025-03-26 успешно получено.
2025-03-24 19:29:46,832 - INFO - Расписание для группы Э-2024-2 на дату 2025-03-26 успешно получено.
2025-03-24 19:29:46,833 - INFO - Расписание для группы ЭМ-2024-1 на дату 2025-03-26 успешно получено.
2025-03-24 19:29:46,833 - INFO - Расписание для группы ТПД-2024-1 на дату 2025-03-26 успешно получено.
2025-03-24 19:29:46,834 - INFO - Расписание для группы ЭКТ-2024-1 на дату 2025-03-26 успешно получено.
2025-03-24 19:29:46,834 - INFO - Расписание для группы ССА-2023-1/3 на дату 2025-03-26 успешно получено.
2025-03-24 19:29:46,835 - INFO - Расписание для группы ССА-2023-2/4 на дату 2025-03-26 успешно получено.
2025-03-24 19:29:46,835 - INFO - Расписание для группы КСК-2023-1/3 на дату 2025-03-26 успешно получено.
2025-03-24 19:29:46,836 - INFO - Расписание для группы КСК-2023-2/4 на дату 2025-03-26 успешно получено.
2025-03-24 19:29:46,837 - INFO - Расписание для группы Э-2023-1/3 на дату 2025-03-26 успешно получено.
2025-03-24 19:29:46,837 - INFO - Расписание для группы Э-2023-2/4 на дату 2025-03-26 успешно получено.
2025-03-24 19:29:46,838 - INFO - Расписание для группы ЭКТ-2023-1/2 на дату 2025-03-26 успешно получено.
2025-03-24 19:29:46,839 - INFO - Расписание для группы ТКПД-2023-1/2 на дату 2025-03-26 успешно получено.
2025-03-24 19:29:46,839 - INFO - Расписание для группы ТМС-2023-1/4 на дату 2025-03-26 успешно получено.
2025-03-24 19:29:46,840 - INFO - Расписание для группы ТМС-2023-2/5 на дату 2025-03-26 успешно получено.
2025-03-24 19:29:46,840 - INFO - Расписание для группы ТМС-2023-3/6 на дату 2025-03-26 успешно получено.
2025-03-24 19:29:46,841 - INFO - Расписание для группы ПСО-2022-1 на дату 2025-03-26 успешно получено.
2025-03-24 19:29:46,841 - INFO - Расписание для группы ПСО-2022-2 на дату 2025-03-26 успешно получено.
2025-03-24 19:29:46,842 - INFO - Расписание для группы ССА-2022-1/3 на дату 2025-03-26 успешно получено.
2025-03-24 19:29:46,842 - INFO - Расписание для группы ССА-2022-2 на дату 2025-03-26 успешно получено.
2025-03-24 19:29:46,843 - INFO - Расписание для группы КСК-2022-1/3 на дату 2025-03-26 успешно получено.
2025-03-24 19:29:46,843 - INFO - Расписание для группы КСК-2022-2/4 на дату 2025-03-26 успешно получено.
2025-03-24 19:29:46,844 - INFO - Расписание для группы Э-2022-1/3 на дату 2025-03-26 успешно получено.
2025-03-24 19:29:46,845 - INFO - Расписание для группы Э-2022-2/4 на дату 2025-03-26 успешно получено.
2025-03-24 19:29:46,845 - INFO - Расписание для группы ЭКТ-2022-1 на дату 2025-03-26 успешно получено.
2025-03-24 19:29:46,846 - INFO - Расписание для группы ТМП-2022-1/5 на дату 2025-03-26 успешно получено.
2025-03-24 19:29:46,847 - INFO - Расписание для группы ТМП-2022-2/4 на дату 2025-03-26 успешно получено.
2025-03-24 19:29:46,847 - INFO - Расписание для группы ТМП-2022-3/6 на дату 2025-03-26 успешно получено.
2025-03-24 19:29:46,848 - INFO - Расписание для группы ТКПД-2022-1/2 на дату 2025-03-26 успешно получено.
2025-03-24 19:29:46,849 - INFO - Расписание для группы ССА-2021-1/3 на дату 2025-03-26 успешно получено.
2025-03-24 19:29:46,850 - INFO - Расписание для группы ССА-2021-2/4 на дату 2025-03-26 успешно получено.
2025-03-24 19:29:46,850 - INFO - Расписание для группы КСК-2021-1/3 на дату 2025-03-26 успешно получено.
2025-03-24 19:29:46,851 - INFO - Расписание для группы КСК-2021-2/4 на дату 2025-03-26 успешно получено.
2025-03-24 19:29:46,851 - INFO - Расписание для группы Э-2021-1/3 на дату 2025-03-26 успешно получено.
2025-03-24 19:29:46,852 - INFO - Расписание для группы Э-2021-2 на дату 2025-03-26 успешно получено.
2025-03-24 19:29:46,853 - INFO - Расписание для группы ЭКТ-2021-1/2 на дату 2025-03-26 успешно получено.
2025-03-24 19:29:46,854 - INFO - Расписание для группы ТМП-2021-1 на дату 2025-03-26 успешно получено.
2025-03-24 19:29:46,854 - INFO - Расписание для группы ТМП-2021-2 на дату 2025-03-26 успешно получено.
2025-03-24 19:29:46,855 - INFO - Расписание для группы ТМП-2021-3 на дату 2025-03-26 успешно получено.
2025-03-24 19:29:46,856 - INFO - Расписание для группы ТКПД-2021-1 на дату 2025-03-26 успешно получено.
2025-03-24 19:29:46,857 - INFO - Расписание для группы ТМП-2020-1 на дату 2025-03-26 успешно получено.
2025-03-24 19:29:46,942 - INFO - Расписание для группы КСК-2024-1/3 на дату 2025-03-24 успешно получено.
2025-03-24 19:29:46,942 - INFO - Расписание для группы КСК-2024-2/4 на дату 2025-03-24 успешно получено.
2025-03-24 19:29:46,943 - INFO - Расписание для группы ССА-2024-1/3 на дату 2025-03-24 успешно получено.
2025-03-24 19:29:46,944 - INFO - Расписание для группы ССА-2024-2 на дату 2025-03-24 успешно получено.
2025-03-24 19:29:46,944 - INFO - Расписание для группы ТМС-2024-1/4 на дату 2025-03-24 успешно получено.
2025-03-24 19:29:46,945 - INFO - Расписание для группы ТМС-2024-2/5 на дату 2025-03-24 успешно получено.
2025-03-24 19:29:46,945 - INFO - Расписание для группы ТМС-2024-3 на дату 2025-03-24 успешно получено.
2025-03-24 19:29:46,946 - INFO - Расписание для группы Э-2024-1/3 на дату 2025-03-24 успешно получено.
2025-03-24 19:29:46,947 - INFO - Расписание для группы Э-2024-2 на дату 2025-03-24 успешно получено.
2025-03-24 19:29:46,947 - INFO - Расписание для группы ЭМ-2024-1 на дату 2025-03-24 успешно получено.
2025-03-24 19:29:46,948 - INFO - Расписание для группы ТПД-2024-1 на дату 2025-03-24 успешно получено.
2025-03-24 19:29:46,949 - INFO - Расписание для группы ЭКТ-2024-1 на дату 2025-03-24 успешно получено.
2025-03-24 19:29:46,949 - INFO - Расписание для группы ССА-2023-1/3 на дату 2025-03-24 успешно получено.
2025-03-24 19:29:46,950 - INFO - Расписание для группы ССА-2023-2/4 на дату 2025-03-24 успешно получено.
2025-03-24 19:29:46,951 - INFO - Расписание для группы КСК-2023-1/3 на дату 2025-03-24 успешно получено.
2025-03-24 19:29:46,952 - INFO - Расписание для группы КСК-2023-2/4 на дату 2025-03-24 успешно получено.
2025-03-24 19:29:46,952 - INFO - Расписание для группы Э-2023-1/3 на дату 2025-03-24 успешно получено.
2025-03-24 19:29:46,953 - INFO - Расписание для группы Э-2023-2/4 на дату 2025-03-24 успешно получено.
2025-03-24 19:29:46,953 - INFO - Расписание для группы ЭКТ-2023-1/2 на дату 2025-03-24 успешно получено.
2025-03-24 19:29:46,954 - INFO - Расписание для группы ТКПД-2023-1/2 на дату 2025-03-24 успешно получено.
2025-03-24 19:29:46,955 - INFO - Расписание для группы ТМС-2023-1/4 на дату 2025-03-24 успешно получено.
2025-03-24 19:29:46,955 - INFO - Расписание для группы ТМС-2023-2/5 на дату 2025-03-24 успешно получено.
2025-03-24 19:29:46,956 - INFO - Расписание для группы ТМС-2023-3/6 на дату 2025-03-24 успешно получено.
2025-03-24 19:29:46,957 - INFO - Расписание для группы ПСО-2022-1 на дату 2025-03-24 успешно получено.
2025-03-24 19:29:46,957 - INFO - Расписание для группы ПСО-2022-2 на дату 2025-03-24 успешно получено.
2025-03-24 19:29:46,958 - INFO - Расписание для группы ССА-2022-1/3 на дату 2025-03-24 успешно получено.
2025-03-24 19:29:46,959 - INFO - Расписание для группы ССА-2022-2 на дату 2025-03-24 успешно получено.
2025-03-24 19:29:46,959 - INFO - Расписание для группы КСК-2022-1/3 на дату 2025-03-24 успешно получено.
2025-03-24 19:29:46,960 - INFO - Расписание для группы КСК-2022-2/4 на дату 2025-03-24 успешно получено.
2025-03-24 19:29:46,961 - INFO - Расписание для группы Э-2022-1/3 на дату 2025-03-24 успешно получено.
2025-03-24 19:29:46,961 - INFO - Расписание для группы Э-2022-2/4 на дату 2025-03-24 успешно получено.
2025-03-24 19:29:46,962 - INFO - Расписание для группы ЭКТ-2022-1 на дату 2025-03-24 успешно получено.
2025-03-24 19:29:46,963 - INFO - Расписание для группы ТМП-2022-1/5 на дату 2025-03-24 успешно получено.
2025-03-24 19:29:46,963 - INFO - Расписание для группы ТМП-2022-2/4 на дату 2025-03-24 успешно получено.
2025-03-24 19:29:46,964 - INFO - Расписание для группы ТМП-2022-3/6 на дату 2025-03-24 успешно получено.
2025-03-24 19:29:46,965 - INFO - Расписание для группы ТКПД-2022-1/2 на дату 2025-03-24 успешно получено.
2025-03-24 19:29:46,966 - INFO - Расписание для группы ССА-2021-1/3 на дату 2025-03-24 успешно получено.
2025-03-24 19:29:46,967 - INFO - Расписание для группы ССА-2021-2/4 на дату 2025-03-24 успешно получено.
2025-03-24 19:29:46,967 - INFO - Расписание для группы КСК-2021-1/3 на дату 2025-03-24 успешно получено.
2025-03-24 19:29:46,968 - INFO - Расписание для группы КСК-2021-2/4 на дату 2025-03-24 успешно получено.
2025-03-24 19:29:46,969 - INFO - Расписание для группы Э-2021-1/3 на дату 2025-03-24 успешно получено.
2025-03-24 19:29:46,969 - INFO - Расписание для группы Э-2021-2 на дату 2025-03-24 успешно получено.
2025-03-24 19:29:46,970 - INFO - Расписание для группы ЭКТ-2021-1/2 на дату 2025-03-24 успешно получено.
2025-03-24 19:29:46,971 - INFO - Расписание для группы ТМП-2021-1 на дату 2025-03-24 успешно получено.
2025-03-24 19:29:46,971 - INFO - Расписание для группы ТМП-2021-2 на дату 2025-03-24 успешно получено.
2025-03-24 19:29:46,972 - INFO - Расписание для группы ТМП-2021-3 на дату 2025-03-24 успешно получено.
2025-03-24 19:29:46,973 - INFO - Расписание для группы ТКПД-2021-1 на дату 2025-03-24 успешно получено.
2025-03-24 19:29:46,974 - INFO - Расписание для группы ТМП-2020-1 на дату 2025-03-24 успешно получено.
2025-03-24 19:29:47,140 - INFO - Расписание для группы КСК-2024-1/3 на дату 2025-03-29 успешно получено.
2025-03-24 19:29:47,141 - INFO - Расписание для группы КСК-2024-2/4 на дату 2025-03-29 успешно получено.
2025-03-24 19:29:47,142 - INFO - Расписание для группы ССА-2024-1/3 на дату 2025-03-29 успешно получено.
2025-03-24 19:29:47,142 - INFO - Расписание для группы ССА-2024-2 на дату 2025-03-29 успешно получено.
2025-03-24 19:29:47,143 - INFO - Расписание для группы ТМС-2024-1/4 на дату 2025-03-29 успешно получено.
2025-03-24 19:29:47,143 - INFO - Расписание для группы ТМС-2024-2/5 на дату 2025-03-29 успешно получено.
2025-03-24 19:29:47,144 - INFO - Расписание для группы ТМС-2024-3 на дату 2025-03-29 успешно получено.
2025-03-24 19:29:47,144 - INFO - Расписание для группы Э-2024-1/3 на дату 2025-03-29 успешно получено.
2025-03-24 19:29:47,145 - INFO - Расписание для группы Э-2024-2 на дату 2025-03-29 успешно получено.
2025-03-24 19:29:47,146 - INFO - Расписание для группы ЭМ-2024-1 на дату 2025-03-29 успешно получено.
2025-03-24 19:29:47,146 - INFO - Расписание для группы ТПД-2024-1 на дату 2025-03-29 успешно получено.
2025-03-24 19:29:47,147 - INFO - Расписание для группы ЭКТ-2024-1 на дату 2025-03-29 успешно получено.
2025-03-24 19:29:47,147 - INFO - Расписание для группы ССА-2023-1/3 на дату 2025-03-29 успешно получено.
2025-03-24 19:29:47,148 - INFO - Расписание для группы ССА-2023-2/4 на дату 2025-03-29 успешно получено.
2025-03-24 19:29:47,148 - INFO - Расписание для группы КСК-2023-1/3 на дату 2025-03-29 успешно получено.
2025-03-24 19:29:47,150 - INFO - Расписание для группы КСК-2023-2/4 на дату 2025-03-29 успешно получено.
2025-03-24 19:29:47,151 - INFO - Расписание для группы Э-2023-1/3 на дату 2025-03-29 успешно получено.
2025-03-24 19:29:47,151 - INFO - Расписание для группы Э-2023-2/4 на дату 2025-03-29 успешно получено.
2025-03-24 19:29:47,152 - INFO - Расписание для группы ЭКТ-2023-1/2 на дату 2025-03-29 успешно получено.
2025-03-24 19:29:47,153 - INFO - Расписание для группы ТКПД-2023-1/2 на дату 2025-03-29 успешно получено.
2025-03-24 19:29:47,154 - INFO - Расписание для группы ТМС-2023-1/4 на дату 2025-03-29 успешно получено.
2025-03-24 19:29:47,155 - INFO - Расписание для группы ТМС-2023-2/5 на дату 2025-03-29 успешно получено.
2025-03-24 19:29:47,156 - INFO - Расписание для группы ТМС-2023-3/6 на дату 2025-03-29 успешно получено.
2025-03-24 19:29:47,157 - INFO - Расписание для группы ПСО-2022-1 на дату 2025-03-29 успешно получено.
2025-03-24 19:29:47,158 - INFO - Расписание для группы ПСО-2022-2 на дату 2025-03-29 успешно получено.
2025-03-24 19:29:47,159 - INFO - Расписание для группы ССА-2022-1/3 на дату 2025-03-29 успешно получено.
2025-03-24 19:29:47,160 - INFO - Расписание для группы ССА-2022-2 на дату 2025-03-29 успешно получено.
2025-03-24 19:29:47,160 - INFO - Расписание для группы КСК-2022-1/3 на дату 2025-03-29 успешно получено.
2025-03-24 19:29:47,161 - INFO - Расписание для группы КСК-2022-2/4 на дату 2025-03-29 успешно получено.
2025-03-24 19:29:47,163 - INFO - Расписание для группы Э-2022-1/3 на дату 2025-03-29 успешно получено.
2025-03-24 19:29:47,164 - INFO - Расписание для группы Э-2022-2/4 на дату 2025-03-29 успешно получено.
2025-03-24 19:29:47,164 - INFO - Расписание для группы ЭКТ-2022-1 на дату 2025-03-29 успешно получено.
2025-03-24 19:29:47,165 - INFO - Расписание для группы ТМП-2022-1/5 на дату 2025-03-29 успешно получено.
2025-03-24 19:29:47,167 - INFO - Расписание для группы ТМП-2022-2/4 на дату 2025-03-29 успешно получено.
2025-03-24 19:29:47,167 - INFO - Расписание для группы ТМП-2022-3/6 на дату 2025-03-29 успешно получено.
2025-03-24 19:29:47,168 - INFO - Расписание для группы ТКПД-2022-1/2 на дату 2025-03-29 успешно получено.
2025-03-24 19:29:47,170 - INFO - Расписание для группы ССА-2021-1/3 на дату 2025-03-29 успешно получено.
2025-03-24 19:29:47,172 - INFO - Расписание для группы ССА-2021-2/4 на дату 2025-03-29 успешно получено.
2025-03-24 19:29:47,173 - INFO - Расписание для группы КСК-2021-1/3 на дату 2025-03-29 успешно получено.
2025-03-24 19:29:47,174 - INFO - Расписание для группы КСК-2021-2/4 на дату 2025-03-29 успешно получено.
2025-03-24 19:29:47,174 - INFO - Расписание для группы Э-2021-1/3 на дату 2025-03-29 успешно получено.
2025-03-24 19:29:47,175 - INFO - Расписание для группы Э-2021-2 на дату 2025-03-29 успешно получено.
2025-03-24 19:29:47,176 - INFO - Расписание для группы ЭКТ-2021-1/2 на дату 2025-03-29 успешно получено.
2025-03-24 19:29:47,177 - INFO - Расписание для группы ТМП-2021-1 на дату 2025-03-29 успешно получено.
2025-03-24 19:29:47,178 - INFO - Расписание для группы ТМП-2021-2 на дату 2025-03-29 успешно получено.
2025-03-24 19:29:47,178 - INFO - Расписание для группы ТМП-2021-3 на дату 2025-03-29 успешно получено.
2025-03-24 19:29:47,179 - INFO - Расписание для группы ТКПД-2021-1 на дату 2025-03-29 успешно получено.
2025-03-24 19:29:47,180 - INFO - Расписание для группы ТМП-2020-1 на дату 2025-03-29 успешно получено.
2025-03-24 19:29:47,260 - INFO - Расписание для группы КСК-2024-1/3 на дату 2025-03-27 успешно получено.
2025-03-24 19:29:47,261 - INFO - Расписание для группы КСК-2024-2/4 на дату 2025-03-27 успешно получено.
2025-03-24 19:29:47,261 - INFO - Расписание для группы ССА-2024-1/3 на дату 2025-03-27 успешно получено.
2025-03-24 19:29:47,262 - INFO - Расписание для группы ССА-2024-2 на дату 2025-03-27 успешно получено.
2025-03-24 19:29:47,263 - INFO - Расписание для группы ТМС-2024-1/4 на дату 2025-03-27 успешно получено.
2025-03-24 19:29:47,263 - INFO - Расписание для группы ТМС-2024-2/5 на дату 2025-03-27 успешно получено.
2025-03-24 19:29:47,264 - INFO - Расписание для группы ТМС-2024-3 на дату 2025-03-27 успешно получено.
2025-03-24 19:29:47,264 - INFO - Расписание для группы Э-2024-1/3 на дату 2025-03-27 успешно получено.
2025-03-24 19:29:47,265 - INFO - Расписание для группы Э-2024-2 на дату 2025-03-27 успешно получено.
2025-03-24 19:29:47,265 - INFO - Расписание для группы ЭМ-2024-1 на дату 2025-03-27 успешно получено.
2025-03-24 19:29:47,266 - INFO - Расписание для группы ТПД-2024-1 на дату 2025-03-27 успешно получено.
2025-03-24 19:29:47,267 - INFO - Расписание для группы ЭКТ-2024-1 на дату 2025-03-27 успешно получено.
2025-03-24 19:29:47,267 - INFO - Расписание для группы ССА-2023-1/3 на дату 2025-03-27 успешно получено.
2025-03-24 19:29:47,268 - INFO - Расписание для группы ССА-2023-2/4 на дату 2025-03-27 успешно получено.
2025-03-24 19:29:47,268 - INFO - Расписание для группы КСК-2023-1/3 на дату 2025-03-27 успешно получено.
2025-03-24 19:29:47,269 - INFO - Расписание для группы КСК-2023-2/4 на дату 2025-03-27 успешно получено.
2025-03-24 19:29:47,270 - INFO - Расписание для группы Э-2023-1/3 на дату 2025-03-27 успешно получено.
2025-03-24 19:29:47,270 - INFO - Расписание для группы Э-2023-2/4 на дату 2025-03-27 успешно получено.
2025-03-24 19:29:47,271 - INFO - Расписание для группы ЭКТ-2023-1/2 на дату 2025-03-27 успешно получено.
2025-03-24 19:29:47,271 - INFO - Расписание для группы ТКПД-2023-1/2 на дату 2025-03-27 успешно получено.
2025-03-24 19:29:47,272 - INFO - Расписание для группы ТМС-2023-1/4 на дату 2025-03-27 успешно получено.
2025-03-24 19:29:47,272 - INFO - Расписание для группы ТМС-2023-2/5 на дату 2025-03-27 успешно получено.
2025-03-24 19:29:47,273 - INFO - Расписание для группы ТМС-2023-3/6 на дату 2025-03-27 успешно получено.
2025-03-24 19:29:47,274 - INFO - Расписание для группы ПСО-2022-1 на дату 2025-03-27 успешно получено.
2025-03-24 19:29:47,274 - INFO - Расписание для группы ПСО-2022-2 на дату 2025-03-27 успешно получено.
2025-03-24 19:29:47,275 - INFO - Расписание для группы ССА-2022-1/3 на дату 2025-03-27 успешно получено.
2025-03-24 19:29:47,275 - INFO - Расписание для группы ССА-2022-2 на дату 2025-03-27 успешно получено.
2025-03-24 19:29:47,276 - INFO - Расписание для группы КСК-2022-1/3 на дату 2025-03-27 успешно получено.
2025-03-24 19:29:47,276 - INFO - Расписание для группы КСК-2022-2/4 на дату 2025-03-27 успешно получено.
2025-03-24 19:29:47,277 - INFO - Расписание для группы Э-2022-1/3 на дату 2025-03-27 успешно получено.
2025-03-24 19:29:47,278 - INFO - Расписание для группы Э-2022-2/4 на дату 2025-03-27 успешно получено.
2025-03-24 19:29:47,278 - INFO - Расписание для группы ЭКТ-2022-1 на дату 2025-03-27 успешно получено.
2025-03-24 19:29:47,279 - INFO - Расписание для группы ТМП-2022-1/5 на дату 2025-03-27 успешно получено.
2025-03-24 19:29:47,280 - INFO - Расписание для группы ТМП-2022-2/4 на дату 2025-03-27 успешно получено.
2025-03-24 19:29:47,280 - INFO - Расписание для группы ТМП-2022-3/6 на дату 2025-03-27 успешно получено.
2025-03-24 19:29:47,281 - INFO - Расписание для группы ТКПД-2022-1/2 на дату 2025-03-27 успешно получено.
2025-03-24 19:29:47,282 - INFO - Расписание для группы ССА-2021-1/3 на дату 2025-03-27 успешно получено.
2025-03-24 19:29:47,283 - INFO - Расписание для группы ССА-2021-2/4 на дату 2025-03-27 успешно получено.
2025-03-24 19:29:47,284 - INFO - Расписание для группы КСК-2021-1/3 на дату 2025-03-27 успешно получено.
2025-03-24 19:29:47,284 - INFO - Расписание для группы КСК-2021-2/4 на дату 2025-03-27 успешно получено.
2025-03-24 19:29:47,285 - INFO - Расписание для группы Э-2021-1/3 на дату 2025-03-27 успешно получено.
2025-03-24 19:29:47,286 - INFO - Расписание для группы Э-2021-2 на дату 2025-03-27 успешно получено.
2025-03-24 19:29:47,286 - INFO - Расписание для группы ЭКТ-2021-1/2 на дату 2025-03-27 успешно получено.
2025-03-24 19:29:47,287 - INFO - Расписание для группы ТМП-2021-1 на дату 2025-03-27 успешно получено.
2025-03-24 19:29:47,287 - INFO - Расписание для группы ТМП-2021-2 на дату 2025-03-27 успешно получено.
2025-03-24 19:29:47,288 - INFO - Расписание для группы ТМП-2021-3 на дату 2025-03-27 успешно получено.
2025-03-24 19:29:47,289 - INFO - Расписание для группы ТКПД-2021-1 на дату 2025-03-27 успешно получено.
2025-03-24 19:29:47,290 - INFO - Расписание для группы ТМП-2020-1 на дату 2025-03-27 успешно получено.
2025-03-24 19:29:48,697 - INFO - Добавлено/обновлено 288 записей.
2025-03-24 19:29:48,697 - INFO - Кэш очищен после обновления расписания.
2025-03-24 19:29:48,697 - INFO - Данные расписания сохранены в БД, количество записей: 288.
2025-03-24 19:29:48,801 - INFO - Update id=860671915 is handled. Duration 3196 ms by bot id=7732473607
2025-03-24 19:29:49,430 - INFO - Update id=860671916 is handled. Duration 439 ms by bot id=7732473607
2025-03-24 19:29:51,775 - INFO - Update id=860671917 is handled. Duration 449 ms by bot id=7732473607
2025-03-24 19:29:52,593 - INFO - Получение названия группы пользователя.
2025-03-24 19:29:52,892 - INFO - Получение расписания для группы ССА-2022-2 на 2025-03-24 из кэша или базы данных.
2025-03-24 19:29:53,333 - INFO - Update id=860671918 is handled. Duration 743 ms by bot id=7732473607
2025-03-24 19:35:13,721 - INFO - Запуск бота...
2025-03-24 19:35:14,944 - INFO - Подключение к базе данных установлено.
2025-03-24 19:35:15,250 - INFO - Таблицы проверены/созданы.
2025-03-24 19:35:15,555 - INFO - Индексы проверены/созданы.
2025-03-24 19:35:15,556 - INFO - Запуск планировщика...
2025-03-24 19:35:15,557 - INFO - Adding job tentatively -- it will be properly scheduled when the scheduler starts
2025-03-24 19:35:15,557 - INFO - Added job "run_parser" to job store "default"
2025-03-24 19:35:15,557 - INFO - Scheduler started
2025-03-24 19:35:15,920 - INFO - Start polling
2025-03-24 19:35:16,014 - INFO - Run polling for bot @affine_test_bot id=7732473607 - 'affine'
2025-03-24 19:35:18,343 - INFO - Update id=860671919 is handled. Duration 832 ms by bot id=7732473607
2025-03-24 19:35:21,858 - INFO - Update id=860671920 is handled. Duration 580 ms by bot id=7732473607
2025-03-24 19:35:24,190 - INFO - Update id=860671921 is handled. Duration 369 ms by bot id=7732473607
2025-03-24 19:35:24,861 - INFO - Update id=860671922 is handled. Duration 220 ms by bot id=7732473607
2025-03-24 19:35:32,052 - INFO - Update id=860671923 is handled. Duration 156 ms by bot id=7732473607
2025-03-24 19:35:37,316 - INFO - Пользователь 5124967932 изменил ник на john.
2025-03-24 19:35:37,316 - INFO - Кэш для пользователя 5124967932 очищен.
2025-03-24 19:35:37,765 - INFO - Update id=860671924 is handled. Duration 1408 ms by bot id=7732473607
2025-03-24 19:35:45,235 - INFO - Update id=860671925 is handled. Duration 132 ms by bot id=7732473607
2025-03-24 19:35:49,045 - INFO - Пользователь 5124967932 изменил ник на user.
2025-03-24 19:35:49,045 - INFO - Кэш для пользователя 5124967932 очищен.
2025-03-24 19:35:49,716 - INFO - Update id=860671926 is handled. Duration 1328 ms by bot id=7732473607
2025-03-24 19:35:57,172 - INFO - Получение названий групп из кэша или базы данных.
2025-03-24 19:35:58,004 - INFO - Update id=860671927 is handled. Duration 833 ms by bot id=7732473607
2025-03-24 19:35:59,020 - INFO - Изменена группа пользователя 5124967932 на КСК-2022-1/3.
2025-03-24 19:35:59,020 - INFO - Кэш для пользователя 5124967932 очищен.
2025-03-24 19:35:59,528 - INFO - Update id=860671928 is handled. Duration 1016 ms by bot id=7732473607
2025-03-24 19:36:01,245 - INFO - Update id=860671929 is handled. Duration 282 ms by bot id=7732473607
2025-03-24 19:36:02,839 - INFO - Изменена группа пользователя 5124967932 на ПСО-2022-1.
2025-03-24 19:36:02,839 - INFO - Кэш для пользователя 5124967932 очищен.
2025-03-24 19:36:03,327 - INFO - Update id=860671930 is handled. Duration 824 ms by bot id=7732473607
2025-03-24 19:36:04,744 - INFO - Update id=860671931 is handled. Duration 161 ms by bot id=7732473607
2025-03-24 19:36:06,885 - INFO - Изменена группа пользователя 5124967932 на ССА-2022-2.
2025-03-24 19:36:06,886 - INFO - Кэш для пользователя 5124967932 очищен.
2025-03-24 19:36:07,334 - INFO - Update id=860671932 is handled. Duration 788 ms by bot id=7732473607
2025-03-24 19:36:09,397 - INFO - Update id=860671933 is handled. Duration 231 ms by bot id=7732473607
2025-03-24 19:36:11,341 - INFO - Update id=860671934 is handled. Duration 209 ms by bot id=7732473607
2025-03-24 19:36:12,789 - INFO - Update id=860671935 is handled. Duration 517 ms by bot id=7732473607
2025-03-24 19:36:13,789 - INFO - Update id=860671936 is handled. Duration 201 ms by bot id=7732473607
2025-03-24 19:36:18,768 - INFO - Update id=860671937 is handled. Duration 217 ms by bot id=7732473607
2025-03-24 19:36:25,224 - INFO - Update id=860671938 is handled. Duration 149 ms by bot id=7732473607
2025-03-24 19:36:26,919 - INFO - Update id=860671939 is handled. Duration 202 ms by bot id=7732473607
2025-03-24 19:36:29,400 - INFO - Update id=860671940 is handled. Duration 201 ms by bot id=7732473607
2025-03-24 19:36:30,037 - INFO - Update id=860671941 is handled. Duration 149 ms by bot id=7732473607
